<?xml version="1.0" encoding="UTF-8"?>
<!-- Generated by org.testng.reporters.JUnitReportReporter -->
<testsuite hostname="Ciluverus-MBP.lan" failures="0" tests="1" name="selenium_sample.Selenium_TestCases" time="59.662" errors="0" timestamp="2024-06-03T23:20:42 EDT" skipped="0">
  <testcase classname="selenium_sample.Selenium_TestCases" name="testOmnifoodWebsite" time="59.662"/>
  <system-out/>
</testsuite> <!-- selenium_sample.Selenium_TestCases -->
